[17612:1] 2024-05-31 16:58:43.766 [0x3ED0(5) InitializeLog] [SET_LOGPATH] %programdata%\Geni\Insights\logs\cmon.cmd.exe.log
[17612:1] 2024-05-31 16:58:43.767 [0x3ED0(0) CxCommonApi::LogModuleInfo] [MODULE LOADING] ModuleName cmon64.dll, Version [2.0.0.1], ModulePath C:\Program Files\Geni\Insights\temp\cmon64.dll ModifiedTime 2023-09-15 09:55:46
[17612:1] 2024-05-31 16:58:43.767 [0x3ED0(183) CxConsoleMonitor::Initialize] [Initialize]
[17612:1] 2024-05-31 16:58:43.767 [0x3ED0(183) CxSensorPipeClient::Initialize] [Initialize]
[17612:1] 2024-05-31 16:58:43.768 [0x3ED0(0) CxThreadPool::Initialize] Queue init : OutputQue 0, nThreadPoolSize : 1
[17612:1] 2024-05-31 16:58:43.779 [0x3ED0(183) CxThreadPool::CreateThreadPool] Create 1 WorkerThread
[17612:1] 2024-05-31 16:58:43.779 [0x3ED0(183) CxConsoleMonitor::InstallHook] [InstallHook]
[17612:1] 2024-05-31 16:58:43.780 [0x3ED0(126) CxConsoleMonitor::xGetProcAddress] [GET_PROC_ADDR] ReadConsoleW from kernelbase.dll
[17612:1] 2024-05-31 16:58:43.781 [0x3ED0(183) CxConsoleMonitor::InstallHook] [INSTALL_HOOK] ReadConsoleW : cmd.exe:17612
[17612:1] 2024-05-31 16:58:43.781 [0x3ED0(183) CxConsoleMonitor::xGetProcAddress] [GET_PROC_ADDR] ReadConsoleInputW from kernelbase.dll
[17612:1] 2024-05-31 16:58:43.781 [0x3ED0(183) CxConsoleMonitor::InstallHook] [INSTALL_HOOK] RealReadConsoleInputW : cmd.exe:17612
[17612:1] 2024-05-31 16:58:43.781 [0x3ED0(183) CxConsoleMonitor::InstallHook] [SUCCESS]
[17612:1] 2024-05-31 16:58:43.782 [0x3ED0(183) CxConsoleMonitor::GetCmonProfileInfo] [REQ_CMON_PROFILE] 
[17612:1] 2024-05-31 16:58:43.782 [0x3ED0(0) CxConsoleMonitor::Initialize] [/Initialize] SUCCESS
[17612:1] 2024-05-31 16:58:43.783 [0x7A98(0) CxThreadPool::ThreadEntry] Worker Thread begins
[17612:1] 2024-05-31 16:58:43.784 [0x7A98(1) CxSensorPipeClient::SendJson] [SEND][ReqType:4] {
   "PID" : 17612,
   "ProcPath" : "C:\\WINDOWS\\system32\\cmd.exe",
   "ReqType" : "xSensorRequestType_GetCmonProfile"
}

[17612:1] 2024-05-31 16:58:43.784 [0x7A98(183) CxSensorPipeClient::SendJson] [RECV] {
   "MaxConsoleInputLength" : 1000
}

[17612:1] 2024-05-31 16:58:43.785 [0x7A98(183) CxConsoleMonitor::PipeResponseCallback] [RES_CALLBACK]
[17612:1] 2024-05-31 16:58:43.785 [0x7A98(183) CxConsoleMonitor::PipeResponseCallback] [CMON_PROFILE] MaxConsoleInputLength : 1000
[5088:1] 2024-05-31 16:58:45.185 [0x61E0(5) InitializeLog] [SET_LOGPATH] %programdata%\Geni\Insights\logs\cmon.cmd.exe.log
[5088:1] 2024-05-31 16:58:45.186 [0x61E0(0) CxCommonApi::LogModuleInfo] [MODULE LOADING] ModuleName cmon64.dll, Version [2.0.0.1], ModulePath C:\Program Files\Geni\Insights\temp\cmon64.dll ModifiedTime 2023-09-15 09:55:46
[5088:1] 2024-05-31 16:58:45.186 [0x61E0(183) CxConsoleMonitor::Initialize] [Initialize]
[5088:1] 2024-05-31 16:58:45.186 [0x61E0(183) CxSensorPipeClient::Initialize] [Initialize]
[5088:1] 2024-05-31 16:58:45.187 [0x61E0(0) CxThreadPool::Initialize] Queue init : OutputQue 0, nThreadPoolSize : 1
[5088:1] 2024-05-31 16:58:45.187 [0x61E0(183) CxThreadPool::CreateThreadPool] Create 1 WorkerThread
[5088:1] 2024-05-31 16:58:45.187 [0x61E0(183) CxConsoleMonitor::InstallHook] [InstallHook]
[5088:1] 2024-05-31 16:58:45.188 [0x61E0(126) CxConsoleMonitor::xGetProcAddress] [GET_PROC_ADDR] ReadConsoleW from kernelbase.dll
[5088:1] 2024-05-31 16:58:45.188 [0x61E0(183) CxConsoleMonitor::InstallHook] [INSTALL_HOOK] ReadConsoleW : cmd.exe:5088
[5088:1] 2024-05-31 16:58:45.188 [0x61E0(183) CxConsoleMonitor::xGetProcAddress] [GET_PROC_ADDR] ReadConsoleInputW from kernelbase.dll
[5088:1] 2024-05-31 16:58:45.189 [0x61E0(183) CxConsoleMonitor::InstallHook] [INSTALL_HOOK] RealReadConsoleInputW : cmd.exe:5088
[5088:1] 2024-05-31 16:58:45.189 [0x61E0(183) CxConsoleMonitor::InstallHook] [SUCCESS]
[5088:1] 2024-05-31 16:58:45.189 [0x61E0(183) CxConsoleMonitor::GetCmonProfileInfo] [REQ_CMON_PROFILE] 
[5088:1] 2024-05-31 16:58:45.190 [0x61E0(0) CxConsoleMonitor::Initialize] [/Initialize] SUCCESS
[5088:1] 2024-05-31 16:58:45.191 [0x1C0(0) CxThreadPool::ThreadEntry] Worker Thread begins
[5088:1] 2024-05-31 16:58:45.192 [0x1C0(1) CxSensorPipeClient::SendJson] [SEND][ReqType:4] {
   "PID" : 5088,
   "ProcPath" : "C:\\WINDOWS\\system32\\cmd.exe",
   "ReqType" : "xSensorRequestType_GetCmonProfile"
}

[5088:1] 2024-05-31 16:58:45.192 [0x1C0(183) CxSensorPipeClient::SendJson] [RECV] {
   "MaxConsoleInputLength" : 1000
}

[5088:1] 2024-05-31 16:58:45.193 [0x1C0(183) CxConsoleMonitor::PipeResponseCallback] [RES_CALLBACK]
[5088:1] 2024-05-31 16:58:45.193 [0x1C0(183) CxConsoleMonitor::PipeResponseCallback] [CMON_PROFILE] MaxConsoleInputLength : 1000
[12956:1] 2024-05-31 16:58:45.427 [0x7AE8(5) InitializeLog] [SET_LOGPATH] %programdata%\Geni\Insights\logs\cmon.cmd.exe.log
[12956:1] 2024-05-31 16:58:45.428 [0x7AE8(0) CxCommonApi::LogModuleInfo] [MODULE LOADING] ModuleName cmon64.dll, Version [2.0.0.1], ModulePath C:\Program Files\Geni\Insights\temp\cmon64.dll ModifiedTime 2023-09-15 09:55:46
[12956:1] 2024-05-31 16:58:45.428 [0x7AE8(183) CxConsoleMonitor::Initialize] [Initialize]
[12956:1] 2024-05-31 16:58:45.428 [0x7AE8(183) CxSensorPipeClient::Initialize] [Initialize]
[12956:1] 2024-05-31 16:58:45.429 [0x7AE8(0) CxThreadPool::Initialize] Queue init : OutputQue 0, nThreadPoolSize : 1
[12956:1] 2024-05-31 16:58:45.429 [0x7AE8(183) CxThreadPool::CreateThreadPool] Create 1 WorkerThread
[12956:1] 2024-05-31 16:58:45.429 [0x7AE8(183) CxConsoleMonitor::InstallHook] [InstallHook]
[12956:1] 2024-05-31 16:58:45.430 [0x7AE8(126) CxConsoleMonitor::xGetProcAddress] [GET_PROC_ADDR] ReadConsoleW from kernelbase.dll
[12956:1] 2024-05-31 16:58:45.430 [0x7AE8(183) CxConsoleMonitor::InstallHook] [INSTALL_HOOK] ReadConsoleW : cmd.exe:12956
[12956:1] 2024-05-31 16:58:45.430 [0x7AE8(183) CxConsoleMonitor::xGetProcAddress] [GET_PROC_ADDR] ReadConsoleInputW from kernelbase.dll
[12956:1] 2024-05-31 16:58:45.431 [0x7AE8(183) CxConsoleMonitor::InstallHook] [INSTALL_HOOK] RealReadConsoleInputW : cmd.exe:12956
[12956:1] 2024-05-31 16:58:45.431 [0x7AE8(183) CxConsoleMonitor::InstallHook] [SUCCESS]
[12956:1] 2024-05-31 16:58:45.431 [0x7AE8(183) CxConsoleMonitor::GetCmonProfileInfo] [REQ_CMON_PROFILE] 
[12956:1] 2024-05-31 16:58:45.431 [0x7AE8(0) CxConsoleMonitor::Initialize] [/Initialize] SUCCESS
[12956:1] 2024-05-31 16:58:45.432 [0x41E8(0) CxThreadPool::ThreadEntry] Worker Thread begins
[12956:1] 2024-05-31 16:58:45.434 [0x41E8(1) CxSensorPipeClient::SendJson] [SEND][ReqType:4] {
   "PID" : 12956,
   "ProcPath" : "C:\\WINDOWS\\system32\\cmd.exe",
   "ReqType" : "xSensorRequestType_GetCmonProfile"
}

[12956:1] 2024-05-31 16:58:45.434 [0x41E8(183) CxSensorPipeClient::SendJson] [RECV] {
   "MaxConsoleInputLength" : 1000
}

[12956:1] 2024-05-31 16:58:45.434 [0x41E8(183) CxConsoleMonitor::PipeResponseCallback] [RES_CALLBACK]
[12956:1] 2024-05-31 16:58:45.434 [0x41E8(183) CxConsoleMonitor::PipeResponseCallback] [CMON_PROFILE] MaxConsoleInputLength : 1000
[21152:1] 2024-05-31 16:58:45.460 [0x6D70(5) InitializeLog] [SET_LOGPATH] %programdata%\Geni\Insights\logs\cmon.cmd.exe.log
[21152:1] 2024-05-31 16:58:45.461 [0x6D70(0) CxCommonApi::LogModuleInfo] [MODULE LOADING] ModuleName cmon64.dll, Version [2.0.0.1], ModulePath C:\Program Files\Geni\Insights\temp\cmon64.dll ModifiedTime 2023-09-15 09:55:46
[21152:1] 2024-05-31 16:58:45.461 [0x6D70(183) CxConsoleMonitor::Initialize] [Initialize]
[21152:1] 2024-05-31 16:58:45.461 [0x6D70(183) CxSensorPipeClient::Initialize] [Initialize]
[21152:1] 2024-05-31 16:58:45.462 [0x6D70(0) CxThreadPool::Initialize] Queue init : OutputQue 0, nThreadPoolSize : 1
[21152:1] 2024-05-31 16:58:45.462 [0x6D70(183) CxThreadPool::CreateThreadPool] Create 1 WorkerThread
[21152:1] 2024-05-31 16:58:45.462 [0x6D70(183) CxConsoleMonitor::InstallHook] [InstallHook]
[21152:1] 2024-05-31 16:58:45.463 [0x6D70(126) CxConsoleMonitor::xGetProcAddress] [GET_PROC_ADDR] ReadConsoleW from kernelbase.dll
[21152:1] 2024-05-31 16:58:45.463 [0x6D70(183) CxConsoleMonitor::InstallHook] [INSTALL_HOOK] ReadConsoleW : cmd.exe:21152
[21152:1] 2024-05-31 16:58:45.463 [0x6D70(183) CxConsoleMonitor::xGetProcAddress] [GET_PROC_ADDR] ReadConsoleInputW from kernelbase.dll
[21152:1] 2024-05-31 16:58:45.463 [0x6D70(183) CxConsoleMonitor::InstallHook] [INSTALL_HOOK] RealReadConsoleInputW : cmd.exe:21152
[21152:1] 2024-05-31 16:58:45.464 [0x6D70(183) CxConsoleMonitor::InstallHook] [SUCCESS]
[21152:1] 2024-05-31 16:58:45.464 [0x6D70(183) CxConsoleMonitor::GetCmonProfileInfo] [REQ_CMON_PROFILE] 
[21152:1] 2024-05-31 16:58:45.464 [0x6D70(0) CxConsoleMonitor::Initialize] [/Initialize] SUCCESS
[21152:1] 2024-05-31 16:58:45.465 [0x7744(0) CxThreadPool::ThreadEntry] Worker Thread begins
[21152:1] 2024-05-31 16:58:45.466 [0x7744(1) CxSensorPipeClient::SendJson] [SEND][ReqType:4] {
   "PID" : 21152,
   "ProcPath" : "C:\\WINDOWS\\system32\\cmd.exe",
   "ReqType" : "xSensorRequestType_GetCmonProfile"
}

[21152:1] 2024-05-31 16:58:45.466 [0x7744(183) CxSensorPipeClient::SendJson] [RECV] {
   "MaxConsoleInputLength" : 1000
}

[21152:1] 2024-05-31 16:58:45.467 [0x7744(183) CxConsoleMonitor::PipeResponseCallback] [RES_CALLBACK]
[21152:1] 2024-05-31 16:58:45.467 [0x7744(183) CxConsoleMonitor::PipeResponseCallback] [CMON_PROFILE] MaxConsoleInputLength : 1000
[5088:1] 2024-05-31 16:58:45.784 [0x61E0(126) CxConsoleMonitor::Uninitialize] [Uninitialize]
[5088:1] 2024-05-31 16:58:45.784 [0x61E0(183) CxSensorPipeClient::Uninitialize] [Uninitialize]
[5088:1] 2024-05-31 16:58:45.784 [0x61E0(183) CxSensorPipeClient::Uninitialize] [/Uninitialize]
[5088:1] 2024-05-31 16:58:45.784 [0x61E0(183) CxConsoleMonitor::Uninitialize] [/Uninitialize] SUCCESS
[21152:1] 2024-05-31 16:58:45.876 [0x6D70(126) CxConsoleMonitor::Uninitialize] [Uninitialize]
[21152:1] 2024-05-31 16:58:45.877 [0x6D70(183) CxSensorPipeClient::Uninitialize] [Uninitialize]
[21152:1] 2024-05-31 16:58:45.877 [0x6D70(183) CxSensorPipeClient::Uninitialize] [/Uninitialize]
[21152:1] 2024-05-31 16:58:45.877 [0x6D70(183) CxConsoleMonitor::Uninitialize] [/Uninitialize] SUCCESS
[16724:1] 2024-05-31 16:58:45.986 [0x7E40(5) InitializeLog] [SET_LOGPATH] %programdata%\Geni\Insights\logs\cmon.cmd.exe.log
[16724:1] 2024-05-31 16:58:45.986 [0x7E40(0) CxCommonApi::LogModuleInfo] [MODULE LOADING] ModuleName cmon64.dll, Version [2.0.0.1], ModulePath C:\Program Files\Geni\Insights\temp\cmon64.dll ModifiedTime 2023-09-15 09:55:46
[16724:1] 2024-05-31 16:58:45.987 [0x7E40(183) CxConsoleMonitor::Initialize] [Initialize]
[16724:1] 2024-05-31 16:58:45.987 [0x7E40(183) CxSensorPipeClient::Initialize] [Initialize]
[16724:1] 2024-05-31 16:58:45.987 [0x7E40(0) CxThreadPool::Initialize] Queue init : OutputQue 0, nThreadPoolSize : 1
[16724:1] 2024-05-31 16:58:45.987 [0x7E40(183) CxThreadPool::CreateThreadPool] Create 1 WorkerThread
[16724:1] 2024-05-31 16:58:45.988 [0x7E40(183) CxConsoleMonitor::InstallHook] [InstallHook]
[16724:1] 2024-05-31 16:58:45.988 [0x7E40(126) CxConsoleMonitor::xGetProcAddress] [GET_PROC_ADDR] ReadConsoleW from kernelbase.dll
[16724:1] 2024-05-31 16:58:45.989 [0x7E40(183) CxConsoleMonitor::InstallHook] [INSTALL_HOOK] ReadConsoleW : cmd.exe:16724
[16724:1] 2024-05-31 16:58:45.989 [0x7E40(183) CxConsoleMonitor::xGetProcAddress] [GET_PROC_ADDR] ReadConsoleInputW from kernelbase.dll
[16724:1] 2024-05-31 16:58:45.989 [0x7E40(183) CxConsoleMonitor::InstallHook] [INSTALL_HOOK] RealReadConsoleInputW : cmd.exe:16724
[16724:1] 2024-05-31 16:58:45.990 [0x7E40(183) CxConsoleMonitor::InstallHook] [SUCCESS]
[16724:1] 2024-05-31 16:58:45.990 [0x7E40(183) CxConsoleMonitor::GetCmonProfileInfo] [REQ_CMON_PROFILE] 
[16724:1] 2024-05-31 16:58:45.990 [0x7E40(0) CxConsoleMonitor::Initialize] [/Initialize] SUCCESS
[16724:1] 2024-05-31 16:58:45.991 [0x6C64(0) CxThreadPool::ThreadEntry] Worker Thread begins
[16724:1] 2024-05-31 16:58:45.992 [0x6C64(1) CxSensorPipeClient::SendJson] [SEND][ReqType:4] {
   "PID" : 16724,
   "ProcPath" : "C:\\WINDOWS\\system32\\cmd.exe",
   "ReqType" : "xSensorRequestType_GetCmonProfile"
}

[16724:1] 2024-05-31 16:58:45.993 [0x6C64(183) CxSensorPipeClient::SendJson] [RECV] {
   "MaxConsoleInputLength" : 1000
}

[16724:1] 2024-05-31 16:58:45.993 [0x6C64(183) CxConsoleMonitor::PipeResponseCallback] [RES_CALLBACK]
[16724:1] 2024-05-31 16:58:45.993 [0x6C64(183) CxConsoleMonitor::PipeResponseCallback] [CMON_PROFILE] MaxConsoleInputLength : 1000
[29512:1] 2024-05-31 16:58:46.021 [0x4698(5) InitializeLog] [SET_LOGPATH] %programdata%\Geni\Insights\logs\cmon.cmd.exe.log
[29512:1] 2024-05-31 16:58:46.022 [0x4698(0) CxCommonApi::LogModuleInfo] [MODULE LOADING] ModuleName cmon64.dll, Version [2.0.0.1], ModulePath C:\Program Files\Geni\Insights\temp\cmon64.dll ModifiedTime 2023-09-15 09:55:46
[29512:1] 2024-05-31 16:58:46.022 [0x4698(183) CxConsoleMonitor::Initialize] [Initialize]
[29512:1] 2024-05-31 16:58:46.022 [0x4698(183) CxSensorPipeClient::Initialize] [Initialize]
[29512:1] 2024-05-31 16:58:46.022 [0x4698(0) CxThreadPool::Initialize] Queue init : OutputQue 0, nThreadPoolSize : 1
[29512:1] 2024-05-31 16:58:46.023 [0x4698(183) CxThreadPool::CreateThreadPool] Create 1 WorkerThread
[29512:1] 2024-05-31 16:58:46.023 [0x4698(183) CxConsoleMonitor::InstallHook] [InstallHook]
[29512:1] 2024-05-31 16:58:46.024 [0x4698(126) CxConsoleMonitor::xGetProcAddress] [GET_PROC_ADDR] ReadConsoleW from kernelbase.dll
[29512:1] 2024-05-31 16:58:46.024 [0x4698(183) CxConsoleMonitor::InstallHook] [INSTALL_HOOK] ReadConsoleW : cmd.exe:29512
[29512:1] 2024-05-31 16:58:46.024 [0x4698(183) CxConsoleMonitor::xGetProcAddress] [GET_PROC_ADDR] ReadConsoleInputW from kernelbase.dll
[29512:1] 2024-05-31 16:58:46.025 [0x4698(183) CxConsoleMonitor::InstallHook] [INSTALL_HOOK] RealReadConsoleInputW : cmd.exe:29512
[29512:1] 2024-05-31 16:58:46.025 [0x4698(183) CxConsoleMonitor::InstallHook] [SUCCESS]
[29512:1] 2024-05-31 16:58:46.025 [0x4698(183) CxConsoleMonitor::GetCmonProfileInfo] [REQ_CMON_PROFILE] 
[29512:1] 2024-05-31 16:58:46.025 [0x4698(0) CxConsoleMonitor::Initialize] [/Initialize] SUCCESS
[29512:1] 2024-05-31 16:58:46.026 [0x50E4(0) CxThreadPool::ThreadEntry] Worker Thread begins
[29512:1] 2024-05-31 16:58:46.028 [0x50E4(1) CxSensorPipeClient::SendJson] [SEND][ReqType:4] {
   "PID" : 29512,
   "ProcPath" : "C:\\WINDOWS\\system32\\cmd.exe",
   "ReqType" : "xSensorRequestType_GetCmonProfile"
}

[29512:1] 2024-05-31 16:58:46.028 [0x50E4(183) CxSensorPipeClient::SendJson] [RECV] {
   "MaxConsoleInputLength" : 1000
}

[29512:1] 2024-05-31 16:58:46.028 [0x50E4(183) CxConsoleMonitor::PipeResponseCallback] [RES_CALLBACK]
[29512:1] 2024-05-31 16:58:46.029 [0x50E4(183) CxConsoleMonitor::PipeResponseCallback] [CMON_PROFILE] MaxConsoleInputLength : 1000
[29512:1] 2024-05-31 16:58:46.431 [0x4698(126) CxConsoleMonitor::Uninitialize] [Uninitialize]
[29512:1] 2024-05-31 16:58:46.431 [0x4698(183) CxSensorPipeClient::Uninitialize] [Uninitialize]
[29512:1] 2024-05-31 16:58:46.431 [0x4698(183) CxSensorPipeClient::Uninitialize] [/Uninitialize]
[29512:1] 2024-05-31 16:58:46.432 [0x4698(183) CxConsoleMonitor::Uninitialize] [/Uninitialize] SUCCESS
[17612:1] 2024-05-31 16:58:46.703 [0x3ED0(126) CxConsoleMonitor::Uninitialize] [Uninitialize]
[17612:1] 2024-05-31 16:58:46.703 [0x3ED0(183) CxSensorPipeClient::Uninitialize] [Uninitialize]
[17612:1] 2024-05-31 16:58:46.704 [0x3ED0(183) CxSensorPipeClient::Uninitialize] [/Uninitialize]
[17612:1] 2024-05-31 16:58:46.704 [0x3ED0(183) CxConsoleMonitor::Uninitialize] [/Uninitialize] SUCCESS
[12956:1] 2024-05-31 16:58:47.261 [0x7AE8(126) CxConsoleMonitor::Uninitialize] [Uninitialize]
[12956:1] 2024-05-31 16:58:47.262 [0x7AE8(183) CxSensorPipeClient::Uninitialize] [Uninitialize]
[12956:1] 2024-05-31 16:58:47.262 [0x7AE8(183) CxSensorPipeClient::Uninitialize] [/Uninitialize]
[12956:1] 2024-05-31 16:58:47.263 [0x7AE8(183) CxConsoleMonitor::Uninitialize] [/Uninitialize] SUCCESS
[16724:1] 2024-05-31 16:58:47.318 [0x7E40(126) CxConsoleMonitor::Uninitialize] [Uninitialize]
[16724:1] 2024-05-31 16:58:47.318 [0x7E40(183) CxSensorPipeClient::Uninitialize] [Uninitialize]
[16724:1] 2024-05-31 16:58:47.318 [0x7E40(183) CxSensorPipeClient::Uninitialize] [/Uninitialize]
[16724:1] 2024-05-31 16:58:47.319 [0x7E40(183) CxConsoleMonitor::Uninitialize] [/Uninitialize] SUCCESS
[28472:1] 2024-05-31 16:58:47.508 [0x781C(5) InitializeLog] [SET_LOGPATH] %programdata%\Geni\Insights\logs\cmon.cmd.exe.log
[28472:1] 2024-05-31 16:58:47.508 [0x781C(0) CxCommonApi::LogModuleInfo] [MODULE LOADING] ModuleName cmon64.dll, Version [2.0.0.1], ModulePath C:\Program Files\Geni\Insights\temp\cmon64.dll ModifiedTime 2023-09-15 09:55:46
[28472:1] 2024-05-31 16:58:47.509 [0x781C(183) CxConsoleMonitor::Initialize] [Initialize]
[28472:1] 2024-05-31 16:58:47.509 [0x781C(183) CxSensorPipeClient::Initialize] [Initialize]
[28472:1] 2024-05-31 16:58:47.509 [0x781C(0) CxThreadPool::Initialize] Queue init : OutputQue 0, nThreadPoolSize : 1
[28472:1] 2024-05-31 16:58:47.509 [0x781C(183) CxThreadPool::CreateThreadPool] Create 1 WorkerThread
[28472:1] 2024-05-31 16:58:47.510 [0x781C(183) CxConsoleMonitor::InstallHook] [InstallHook]
[28472:1] 2024-05-31 16:58:47.510 [0x781C(126) CxConsoleMonitor::xGetProcAddress] [GET_PROC_ADDR] ReadConsoleW from kernelbase.dll
[28472:1] 2024-05-31 16:58:47.511 [0x781C(183) CxConsoleMonitor::InstallHook] [INSTALL_HOOK] ReadConsoleW : cmd.exe:28472
[28472:1] 2024-05-31 16:58:47.511 [0x781C(183) CxConsoleMonitor::xGetProcAddress] [GET_PROC_ADDR] ReadConsoleInputW from kernelbase.dll
[28472:1] 2024-05-31 16:58:47.511 [0x781C(183) CxConsoleMonitor::InstallHook] [INSTALL_HOOK] RealReadConsoleInputW : cmd.exe:28472
[28472:1] 2024-05-31 16:58:47.511 [0x781C(183) CxConsoleMonitor::InstallHook] [SUCCESS]
[28472:1] 2024-05-31 16:58:47.511 [0x781C(183) CxConsoleMonitor::GetCmonProfileInfo] [REQ_CMON_PROFILE] 
[28472:1] 2024-05-31 16:58:47.511 [0x781C(0) CxConsoleMonitor::Initialize] [/Initialize] SUCCESS
[28472:1] 2024-05-31 16:58:47.512 [0x744C(0) CxThreadPool::ThreadEntry] Worker Thread begins
[28472:1] 2024-05-31 16:58:47.514 [0x744C(1) CxSensorPipeClient::SendJson] [SEND][ReqType:4] {
   "PID" : 28472,
   "ProcPath" : "C:\\WINDOWS\\system32\\cmd.exe",
   "ReqType" : "xSensorRequestType_GetCmonProfile"
}

[28472:1] 2024-05-31 16:58:47.514 [0x744C(183) CxSensorPipeClient::SendJson] [RECV] {
   "MaxConsoleInputLength" : 1000
}

[28472:1] 2024-05-31 16:58:47.514 [0x744C(183) CxConsoleMonitor::PipeResponseCallback] [RES_CALLBACK]
[28472:1] 2024-05-31 16:58:47.514 [0x744C(183) CxConsoleMonitor::PipeResponseCallback] [CMON_PROFILE] MaxConsoleInputLength : 1000
[17596:1] 2024-05-31 16:58:47.543 [0x63DC(5) InitializeLog] [SET_LOGPATH] %programdata%\Geni\Insights\logs\cmon.cmd.exe.log
[17596:1] 2024-05-31 16:58:47.544 [0x63DC(0) CxCommonApi::LogModuleInfo] [MODULE LOADING] ModuleName cmon64.dll, Version [2.0.0.1], ModulePath C:\Program Files\Geni\Insights\temp\cmon64.dll ModifiedTime 2023-09-15 09:55:46
[17596:1] 2024-05-31 16:58:47.544 [0x63DC(183) CxConsoleMonitor::Initialize] [Initialize]
[17596:1] 2024-05-31 16:58:47.545 [0x63DC(183) CxSensorPipeClient::Initialize] [Initialize]
[17596:1] 2024-05-31 16:58:47.545 [0x63DC(0) CxThreadPool::Initialize] Queue init : OutputQue 0, nThreadPoolSize : 1
[17596:1] 2024-05-31 16:58:47.545 [0x63DC(183) CxThreadPool::CreateThreadPool] Create 1 WorkerThread
[17596:1] 2024-05-31 16:58:47.545 [0x63DC(183) CxConsoleMonitor::InstallHook] [InstallHook]
[17596:1] 2024-05-31 16:58:47.546 [0x63DC(126) CxConsoleMonitor::xGetProcAddress] [GET_PROC_ADDR] ReadConsoleW from kernelbase.dll
[17596:1] 2024-05-31 16:58:47.547 [0x63DC(183) CxConsoleMonitor::InstallHook] [INSTALL_HOOK] ReadConsoleW : cmd.exe:17596
[17596:1] 2024-05-31 16:58:47.547 [0x63DC(183) CxConsoleMonitor::xGetProcAddress] [GET_PROC_ADDR] ReadConsoleInputW from kernelbase.dll
[17596:1] 2024-05-31 16:58:47.547 [0x63DC(183) CxConsoleMonitor::InstallHook] [INSTALL_HOOK] RealReadConsoleInputW : cmd.exe:17596
[17596:1] 2024-05-31 16:58:47.547 [0x63DC(183) CxConsoleMonitor::InstallHook] [SUCCESS]
[17596:1] 2024-05-31 16:58:47.548 [0x63DC(183) CxConsoleMonitor::GetCmonProfileInfo] [REQ_CMON_PROFILE] 
[17596:1] 2024-05-31 16:58:47.548 [0x63DC(0) CxConsoleMonitor::Initialize] [/Initialize] SUCCESS
[17596:1] 2024-05-31 16:58:47.549 [0x4D68(0) CxThreadPool::ThreadEntry] Worker Thread begins
[17596:1] 2024-05-31 16:58:47.550 [0x4D68(1) CxSensorPipeClient::SendJson] [SEND][ReqType:4] {
   "PID" : 17596,
   "ProcPath" : "C:\\WINDOWS\\system32\\cmd.exe",
   "ReqType" : "xSensorRequestType_GetCmonProfile"
}

[17596:1] 2024-05-31 16:58:47.551 [0x4D68(183) CxSensorPipeClient::SendJson] [RECV] {
   "MaxConsoleInputLength" : 1000
}

[17596:1] 2024-05-31 16:58:47.551 [0x4D68(183) CxConsoleMonitor::PipeResponseCallback] [RES_CALLBACK]
[17596:1] 2024-05-31 16:58:47.551 [0x4D68(183) CxConsoleMonitor::PipeResponseCallback] [CMON_PROFILE] MaxConsoleInputLength : 1000
[25892:1] 2024-05-31 16:58:47.832 [0x710C(5) InitializeLog] [SET_LOGPATH] %programdata%\Geni\Insights\logs\cmon.cmd.exe.log
[25892:1] 2024-05-31 16:58:47.833 [0x710C(0) CxCommonApi::LogModuleInfo] [MODULE LOADING] ModuleName cmon64.dll, Version [2.0.0.1], ModulePath C:\Program Files\Geni\Insights\temp\cmon64.dll ModifiedTime 2023-09-15 09:55:46
[25892:1] 2024-05-31 16:58:47.833 [0x710C(183) CxConsoleMonitor::Initialize] [Initialize]
[25892:1] 2024-05-31 16:58:47.833 [0x710C(183) CxSensorPipeClient::Initialize] [Initialize]
[25892:1] 2024-05-31 16:58:47.834 [0x710C(0) CxThreadPool::Initialize] Queue init : OutputQue 0, nThreadPoolSize : 1
[25892:1] 2024-05-31 16:58:47.834 [0x710C(183) CxThreadPool::CreateThreadPool] Create 1 WorkerThread
[25892:1] 2024-05-31 16:58:47.834 [0x710C(183) CxConsoleMonitor::InstallHook] [InstallHook]
[25892:1] 2024-05-31 16:58:47.835 [0x710C(126) CxConsoleMonitor::xGetProcAddress] [GET_PROC_ADDR] ReadConsoleW from kernelbase.dll
[25892:1] 2024-05-31 16:58:47.835 [0x710C(183) CxConsoleMonitor::InstallHook] [INSTALL_HOOK] ReadConsoleW : cmd.exe:25892
[25892:1] 2024-05-31 16:58:47.835 [0x710C(183) CxConsoleMonitor::xGetProcAddress] [GET_PROC_ADDR] ReadConsoleInputW from kernelbase.dll
[25892:1] 2024-05-31 16:58:47.836 [0x710C(183) CxConsoleMonitor::InstallHook] [INSTALL_HOOK] RealReadConsoleInputW : cmd.exe:25892
[25892:1] 2024-05-31 16:58:47.836 [0x710C(183) CxConsoleMonitor::InstallHook] [SUCCESS]
[25892:1] 2024-05-31 16:58:47.836 [0x710C(183) CxConsoleMonitor::GetCmonProfileInfo] [REQ_CMON_PROFILE] 
[25892:1] 2024-05-31 16:58:47.836 [0x710C(0) CxConsoleMonitor::Initialize] [/Initialize] SUCCESS
[25892:1] 2024-05-31 16:58:47.837 [0x7EA8(0) CxThreadPool::ThreadEntry] Worker Thread begins
[25892:1] 2024-05-31 16:58:47.839 [0x7EA8(1) CxSensorPipeClient::SendJson] [SEND][ReqType:4] {
   "PID" : 25892,
   "ProcPath" : "C:\\WINDOWS\\system32\\cmd.exe",
   "ReqType" : "xSensorRequestType_GetCmonProfile"
}

[25892:1] 2024-05-31 16:58:47.839 [0x7EA8(183) CxSensorPipeClient::SendJson] [RECV] {
   "MaxConsoleInputLength" : 1000
}

[25892:1] 2024-05-31 16:58:47.839 [0x7EA8(183) CxConsoleMonitor::PipeResponseCallback] [RES_CALLBACK]
[25892:1] 2024-05-31 16:58:47.839 [0x7EA8(183) CxConsoleMonitor::PipeResponseCallback] [CMON_PROFILE] MaxConsoleInputLength : 1000
[7132:1] 2024-05-31 16:58:47.868 [0x60A4(5) InitializeLog] [SET_LOGPATH] %programdata%\Geni\Insights\logs\cmon.cmd.exe.log
[7132:1] 2024-05-31 16:58:47.869 [0x60A4(0) CxCommonApi::LogModuleInfo] [MODULE LOADING] ModuleName cmon64.dll, Version [2.0.0.1], ModulePath C:\Program Files\Geni\Insights\temp\cmon64.dll ModifiedTime 2023-09-15 09:55:46
[7132:1] 2024-05-31 16:58:47.869 [0x60A4(183) CxConsoleMonitor::Initialize] [Initialize]
[7132:1] 2024-05-31 16:58:47.869 [0x60A4(183) CxSensorPipeClient::Initialize] [Initialize]
[7132:1] 2024-05-31 16:58:47.869 [0x60A4(0) CxThreadPool::Initialize] Queue init : OutputQue 0, nThreadPoolSize : 1
[7132:1] 2024-05-31 16:58:47.871 [0x60A4(183) CxThreadPool::CreateThreadPool] Create 1 WorkerThread
[7132:1] 2024-05-31 16:58:47.872 [0x60A4(183) CxConsoleMonitor::InstallHook] [InstallHook]
[7132:1] 2024-05-31 16:58:47.873 [0x60A4(126) CxConsoleMonitor::xGetProcAddress] [GET_PROC_ADDR] ReadConsoleW from kernelbase.dll
[7132:1] 2024-05-31 16:58:47.874 [0x60A4(183) CxConsoleMonitor::InstallHook] [INSTALL_HOOK] ReadConsoleW : cmd.exe:7132
[7132:1] 2024-05-31 16:58:47.874 [0x60A4(183) CxConsoleMonitor::xGetProcAddress] [GET_PROC_ADDR] ReadConsoleInputW from kernelbase.dll
[7132:1] 2024-05-31 16:58:47.875 [0x60A4(183) CxConsoleMonitor::InstallHook] [INSTALL_HOOK] RealReadConsoleInputW : cmd.exe:7132
[7132:1] 2024-05-31 16:58:47.875 [0x60A4(183) CxConsoleMonitor::InstallHook] [SUCCESS]
[7132:1] 2024-05-31 16:58:47.875 [0x60A4(183) CxConsoleMonitor::GetCmonProfileInfo] [REQ_CMON_PROFILE] 
[7132:1] 2024-05-31 16:58:47.877 [0x60A4(0) CxConsoleMonitor::Initialize] [/Initialize] SUCCESS
[7132:1] 2024-05-31 16:58:47.878 [0x6408(0) CxThreadPool::ThreadEntry] Worker Thread begins
[7132:1] 2024-05-31 16:58:47.880 [0x6408(1) CxSensorPipeClient::SendJson] [SEND][ReqType:4] {
   "PID" : 7132,
   "ProcPath" : "C:\\WINDOWS\\system32\\cmd.exe",
   "ReqType" : "xSensorRequestType_GetCmonProfile"
}

[7132:1] 2024-05-31 16:58:47.880 [0x6408(183) CxSensorPipeClient::SendJson] [RECV] {
   "MaxConsoleInputLength" : 1000
}

[7132:1] 2024-05-31 16:58:47.880 [0x6408(183) CxConsoleMonitor::PipeResponseCallback] [RES_CALLBACK]
[7132:1] 2024-05-31 16:58:47.881 [0x6408(183) CxConsoleMonitor::PipeResponseCallback] [CMON_PROFILE] MaxConsoleInputLength : 1000
[17596:1] 2024-05-31 16:58:47.987 [0x63DC(126) CxConsoleMonitor::Uninitialize] [Uninitialize]
[17596:1] 2024-05-31 16:58:47.988 [0x63DC(183) CxSensorPipeClient::Uninitialize] [Uninitialize]
[17596:1] 2024-05-31 16:58:47.988 [0x63DC(183) CxSensorPipeClient::Uninitialize] [/Uninitialize]
[17596:1] 2024-05-31 16:58:47.989 [0x63DC(183) CxConsoleMonitor::Uninitialize] [/Uninitialize] SUCCESS
[7132:1] 2024-05-31 16:58:48.275 [0x60A4(126) CxConsoleMonitor::Uninitialize] [Uninitialize]
[7132:1] 2024-05-31 16:58:48.275 [0x60A4(183) CxSensorPipeClient::Uninitialize] [Uninitialize]
[7132:1] 2024-05-31 16:58:48.275 [0x60A4(183) CxSensorPipeClient::Uninitialize] [/Uninitialize]
[7132:1] 2024-05-31 16:58:48.276 [0x60A4(183) CxConsoleMonitor::Uninitialize] [/Uninitialize] SUCCESS
[31340:1] 2024-05-31 16:58:48.721 [0x4304(5) InitializeLog] [SET_LOGPATH] %programdata%\Geni\Insights\logs\cmon.cmd.exe.log
[31340:1] 2024-05-31 16:58:48.722 [0x4304(0) CxCommonApi::LogModuleInfo] [MODULE LOADING] ModuleName cmon64.dll, Version [2.0.0.1], ModulePath C:\Program Files\Geni\Insights\temp\cmon64.dll ModifiedTime 2023-09-15 09:55:46
[31340:1] 2024-05-31 16:58:48.722 [0x4304(183) CxConsoleMonitor::Initialize] [Initialize]
[31340:1] 2024-05-31 16:58:48.722 [0x4304(183) CxSensorPipeClient::Initialize] [Initialize]
[31340:1] 2024-05-31 16:58:48.723 [0x4304(0) CxThreadPool::Initialize] Queue init : OutputQue 0, nThreadPoolSize : 1
[31340:1] 2024-05-31 16:58:48.723 [0x4304(183) CxThreadPool::CreateThreadPool] Create 1 WorkerThread
[31340:1] 2024-05-31 16:58:48.723 [0x4304(183) CxConsoleMonitor::InstallHook] [InstallHook]
[31340:1] 2024-05-31 16:58:48.724 [0x4304(126) CxConsoleMonitor::xGetProcAddress] [GET_PROC_ADDR] ReadConsoleW from kernelbase.dll
[31340:1] 2024-05-31 16:58:48.724 [0x4304(183) CxConsoleMonitor::InstallHook] [INSTALL_HOOK] ReadConsoleW : cmd.exe:31340
[31340:1] 2024-05-31 16:58:48.724 [0x4304(183) CxConsoleMonitor::xGetProcAddress] [GET_PROC_ADDR] ReadConsoleInputW from kernelbase.dll
[31340:1] 2024-05-31 16:58:48.725 [0x4304(183) CxConsoleMonitor::InstallHook] [INSTALL_HOOK] RealReadConsoleInputW : cmd.exe:31340
[31340:1] 2024-05-31 16:58:48.725 [0x4304(183) CxConsoleMonitor::InstallHook] [SUCCESS]
[31340:1] 2024-05-31 16:58:48.725 [0x4304(183) CxConsoleMonitor::GetCmonProfileInfo] [REQ_CMON_PROFILE] 
[31340:1] 2024-05-31 16:58:48.725 [0x4304(0) CxConsoleMonitor::Initialize] [/Initialize] SUCCESS
[31340:1] 2024-05-31 16:58:48.726 [0x7438(0) CxThreadPool::ThreadEntry] Worker Thread begins
[31340:1] 2024-05-31 16:58:48.728 [0x7438(1) CxSensorPipeClient::SendJson] [SEND][ReqType:4] {
   "PID" : 31340,
   "ProcPath" : "C:\\WINDOWS\\system32\\cmd.exe",
   "ReqType" : "xSensorRequestType_GetCmonProfile"
}

[31340:1] 2024-05-31 16:58:48.728 [0x7438(183) CxSensorPipeClient::SendJson] [RECV] {
   "MaxConsoleInputLength" : 1000
}

[31340:1] 2024-05-31 16:58:48.729 [0x7438(183) CxConsoleMonitor::PipeResponseCallback] [RES_CALLBACK]
[31340:1] 2024-05-31 16:58:48.729 [0x7438(183) CxConsoleMonitor::PipeResponseCallback] [CMON_PROFILE] MaxConsoleInputLength : 1000
[15452:1] 2024-05-31 16:58:48.755 [0x7D50(5) InitializeLog] [SET_LOGPATH] %programdata%\Geni\Insights\logs\cmon.cmd.exe.log
[15452:1] 2024-05-31 16:58:48.755 [0x7D50(0) CxCommonApi::LogModuleInfo] [MODULE LOADING] ModuleName cmon64.dll, Version [2.0.0.1], ModulePath C:\Program Files\Geni\Insights\temp\cmon64.dll ModifiedTime 2023-09-15 09:55:46
[15452:1] 2024-05-31 16:58:48.756 [0x7D50(183) CxConsoleMonitor::Initialize] [Initialize]
[15452:1] 2024-05-31 16:58:48.756 [0x7D50(183) CxSensorPipeClient::Initialize] [Initialize]
[15452:1] 2024-05-31 16:58:48.756 [0x7D50(0) CxThreadPool::Initialize] Queue init : OutputQue 0, nThreadPoolSize : 1
[15452:1] 2024-05-31 16:58:48.757 [0x7D50(183) CxThreadPool::CreateThreadPool] Create 1 WorkerThread
[15452:1] 2024-05-31 16:58:48.757 [0x7D50(183) CxConsoleMonitor::InstallHook] [InstallHook]
[15452:1] 2024-05-31 16:58:48.758 [0x7D50(126) CxConsoleMonitor::xGetProcAddress] [GET_PROC_ADDR] ReadConsoleW from kernelbase.dll
[15452:1] 2024-05-31 16:58:48.758 [0x7D50(183) CxConsoleMonitor::InstallHook] [INSTALL_HOOK] ReadConsoleW : cmd.exe:15452
[15452:1] 2024-05-31 16:58:48.758 [0x7D50(183) CxConsoleMonitor::xGetProcAddress] [GET_PROC_ADDR] ReadConsoleInputW from kernelbase.dll
[15452:1] 2024-05-31 16:58:48.759 [0x7D50(183) CxConsoleMonitor::InstallHook] [INSTALL_HOOK] RealReadConsoleInputW : cmd.exe:15452
[15452:1] 2024-05-31 16:58:48.759 [0x7D50(183) CxConsoleMonitor::InstallHook] [SUCCESS]
[15452:1] 2024-05-31 16:58:48.759 [0x7D50(183) CxConsoleMonitor::GetCmonProfileInfo] [REQ_CMON_PROFILE] 
[15452:1] 2024-05-31 16:58:48.760 [0x7D50(0) CxConsoleMonitor::Initialize] [/Initialize] SUCCESS
[15452:1] 2024-05-31 16:58:48.761 [0x2114(0) CxThreadPool::ThreadEntry] Worker Thread begins
[15452:1] 2024-05-31 16:58:48.762 [0x2114(1) CxSensorPipeClient::SendJson] [SEND][ReqType:4] {
   "PID" : 15452,
   "ProcPath" : "C:\\WINDOWS\\system32\\cmd.exe",
   "ReqType" : "xSensorRequestType_GetCmonProfile"
}

[15452:1] 2024-05-31 16:58:48.762 [0x2114(183) CxSensorPipeClient::SendJson] [RECV] {
   "MaxConsoleInputLength" : 1000
}

[15452:1] 2024-05-31 16:58:48.763 [0x2114(183) CxConsoleMonitor::PipeResponseCallback] [RES_CALLBACK]
[15452:1] 2024-05-31 16:58:48.763 [0x2114(183) CxConsoleMonitor::PipeResponseCallback] [CMON_PROFILE] MaxConsoleInputLength : 1000
[28472:1] 2024-05-31 16:58:48.830 [0x781C(126) CxConsoleMonitor::Uninitialize] [Uninitialize]
[28472:1] 2024-05-31 16:58:48.830 [0x781C(183) CxSensorPipeClient::Uninitialize] [Uninitialize]
[28472:1] 2024-05-31 16:58:48.830 [0x781C(183) CxSensorPipeClient::Uninitialize] [/Uninitialize]
[28472:1] 2024-05-31 16:58:48.830 [0x781C(183) CxConsoleMonitor::Uninitialize] [/Uninitialize] SUCCESS
[15452:1] 2024-05-31 16:58:49.128 [0x7D50(126) CxConsoleMonitor::Uninitialize] [Uninitialize]
[15452:1] 2024-05-31 16:58:49.128 [0x7D50(183) CxSensorPipeClient::Uninitialize] [Uninitialize]
[15452:1] 2024-05-31 16:58:49.128 [0x7D50(183) CxSensorPipeClient::Uninitialize] [/Uninitialize]
[15452:1] 2024-05-31 16:58:49.129 [0x7D50(183) CxConsoleMonitor::Uninitialize] [/Uninitialize] SUCCESS
[25892:1] 2024-05-31 16:58:49.154 [0x710C(126) CxConsoleMonitor::Uninitialize] [Uninitialize]
[25892:1] 2024-05-31 16:58:49.154 [0x710C(183) CxSensorPipeClient::Uninitialize] [Uninitialize]
[25892:1] 2024-05-31 16:58:49.155 [0x710C(183) CxSensorPipeClient::Uninitialize] [/Uninitialize]
[25892:1] 2024-05-31 16:58:49.155 [0x710C(183) CxConsoleMonitor::Uninitialize] [/Uninitialize] SUCCESS
[31340:1] 2024-05-31 16:58:50.158 [0x4304(126) CxConsoleMonitor::Uninitialize] [Uninitialize]
[31340:1] 2024-05-31 16:58:50.158 [0x4304(183) CxSensorPipeClient::Uninitialize] [Uninitialize]
[31340:1] 2024-05-31 16:58:50.159 [0x4304(183) CxSensorPipeClient::Uninitialize] [/Uninitialize]
[31340:1] 2024-05-31 16:58:50.159 [0x4304(183) CxConsoleMonitor::Uninitialize] [/Uninitialize] SUCCESS
[31368:1] 2024-05-31 16:58:50.626 [0x3F98(5) InitializeLog] [SET_LOGPATH] %programdata%\Geni\Insights\logs\cmon.cmd.exe.log
[31368:1] 2024-05-31 16:58:50.627 [0x3F98(0) CxCommonApi::LogModuleInfo] [MODULE LOADING] ModuleName cmon64.dll, Version [2.0.0.1], ModulePath C:\Program Files\Geni\Insights\temp\cmon64.dll ModifiedTime 2023-09-15 09:55:46
[31368:1] 2024-05-31 16:58:50.627 [0x3F98(183) CxConsoleMonitor::Initialize] [Initialize]
[31368:1] 2024-05-31 16:58:50.627 [0x3F98(183) CxSensorPipeClient::Initialize] [Initialize]
[31368:1] 2024-05-31 16:58:50.628 [0x3F98(0) CxThreadPool::Initialize] Queue init : OutputQue 0, nThreadPoolSize : 1
[31368:1] 2024-05-31 16:58:50.628 [0x3F98(183) CxThreadPool::CreateThreadPool] Create 1 WorkerThread
[31368:1] 2024-05-31 16:58:50.628 [0x3F98(183) CxConsoleMonitor::InstallHook] [InstallHook]
[31368:1] 2024-05-31 16:58:50.629 [0x3F98(126) CxConsoleMonitor::xGetProcAddress] [GET_PROC_ADDR] ReadConsoleW from kernelbase.dll
[31368:1] 2024-05-31 16:58:50.629 [0x3F98(183) CxConsoleMonitor::InstallHook] [INSTALL_HOOK] ReadConsoleW : cmd.exe:31368
[31368:1] 2024-05-31 16:58:50.629 [0x3F98(183) CxConsoleMonitor::xGetProcAddress] [GET_PROC_ADDR] ReadConsoleInputW from kernelbase.dll
[31368:1] 2024-05-31 16:58:50.630 [0x3F98(183) CxConsoleMonitor::InstallHook] [INSTALL_HOOK] RealReadConsoleInputW : cmd.exe:31368
[31368:1] 2024-05-31 16:58:50.630 [0x3F98(183) CxConsoleMonitor::InstallHook] [SUCCESS]
[31368:1] 2024-05-31 16:58:50.630 [0x3F98(183) CxConsoleMonitor::GetCmonProfileInfo] [REQ_CMON_PROFILE] 
[31368:1] 2024-05-31 16:58:50.630 [0x3F98(0) CxConsoleMonitor::Initialize] [/Initialize] SUCCESS
[31368:1] 2024-05-31 16:58:50.631 [0x189C(0) CxThreadPool::ThreadEntry] Worker Thread begins
[31368:1] 2024-05-31 16:58:50.632 [0x189C(1) CxSensorPipeClient::SendJson] [SEND][ReqType:4] {
   "PID" : 31368,
   "ProcPath" : "C:\\WINDOWS\\system32\\cmd.exe",
   "ReqType" : "xSensorRequestType_GetCmonProfile"
}

[31368:1] 2024-05-31 16:58:50.632 [0x189C(183) CxSensorPipeClient::SendJson] [RECV] {
   "MaxConsoleInputLength" : 1000
}

[31368:1] 2024-05-31 16:58:50.633 [0x189C(183) CxConsoleMonitor::PipeResponseCallback] [RES_CALLBACK]
[31368:1] 2024-05-31 16:58:50.633 [0x189C(183) CxConsoleMonitor::PipeResponseCallback] [CMON_PROFILE] MaxConsoleInputLength : 1000
[32636:1] 2024-05-31 16:58:50.663 [0x402C(5) InitializeLog] [SET_LOGPATH] %programdata%\Geni\Insights\logs\cmon.cmd.exe.log
[32636:1] 2024-05-31 16:58:50.663 [0x402C(0) CxCommonApi::LogModuleInfo] [MODULE LOADING] ModuleName cmon64.dll, Version [2.0.0.1], ModulePath C:\Program Files\Geni\Insights\temp\cmon64.dll ModifiedTime 2023-09-15 09:55:46
[32636:1] 2024-05-31 16:58:50.663 [0x402C(183) CxConsoleMonitor::Initialize] [Initialize]
[32636:1] 2024-05-31 16:58:50.664 [0x402C(183) CxSensorPipeClient::Initialize] [Initialize]
[32636:1] 2024-05-31 16:58:50.664 [0x402C(0) CxThreadPool::Initialize] Queue init : OutputQue 0, nThreadPoolSize : 1
[32636:1] 2024-05-31 16:58:50.664 [0x402C(183) CxThreadPool::CreateThreadPool] Create 1 WorkerThread
[32636:1] 2024-05-31 16:58:50.665 [0x402C(183) CxConsoleMonitor::InstallHook] [InstallHook]
[32636:1] 2024-05-31 16:58:50.665 [0x402C(126) CxConsoleMonitor::xGetProcAddress] [GET_PROC_ADDR] ReadConsoleW from kernelbase.dll
[32636:1] 2024-05-31 16:58:50.666 [0x402C(183) CxConsoleMonitor::InstallHook] [INSTALL_HOOK] ReadConsoleW : cmd.exe:32636
[32636:1] 2024-05-31 16:58:50.666 [0x402C(183) CxConsoleMonitor::xGetProcAddress] [GET_PROC_ADDR] ReadConsoleInputW from kernelbase.dll
[32636:1] 2024-05-31 16:58:50.666 [0x402C(183) CxConsoleMonitor::InstallHook] [INSTALL_HOOK] RealReadConsoleInputW : cmd.exe:32636
[32636:1] 2024-05-31 16:58:50.667 [0x402C(183) CxConsoleMonitor::InstallHook] [SUCCESS]
[32636:1] 2024-05-31 16:58:50.667 [0x402C(183) CxConsoleMonitor::GetCmonProfileInfo] [REQ_CMON_PROFILE] 
[32636:1] 2024-05-31 16:58:50.668 [0x402C(0) CxConsoleMonitor::Initialize] [/Initialize] SUCCESS
[32636:1] 2024-05-31 16:58:50.669 [0x2EE0(0) CxThreadPool::ThreadEntry] Worker Thread begins
[32636:1] 2024-05-31 16:58:50.670 [0x2EE0(1) CxSensorPipeClient::SendJson] [SEND][ReqType:4] {
   "PID" : 32636,
   "ProcPath" : "C:\\WINDOWS\\system32\\cmd.exe",
   "ReqType" : "xSensorRequestType_GetCmonProfile"
}

[32636:1] 2024-05-31 16:58:50.671 [0x2EE0(183) CxSensorPipeClient::SendJson] [RECV] {
   "MaxConsoleInputLength" : 1000
}

[32636:1] 2024-05-31 16:58:50.671 [0x2EE0(183) CxConsoleMonitor::PipeResponseCallback] [RES_CALLBACK]
[32636:1] 2024-05-31 16:58:50.671 [0x2EE0(183) CxConsoleMonitor::PipeResponseCallback] [CMON_PROFILE] MaxConsoleInputLength : 1000
[32636:1] 2024-05-31 16:58:51.037 [0x402C(126) CxConsoleMonitor::Uninitialize] [Uninitialize]
[32636:1] 2024-05-31 16:58:51.037 [0x402C(183) CxSensorPipeClient::Uninitialize] [Uninitialize]
[32636:1] 2024-05-31 16:58:51.038 [0x402C(183) CxSensorPipeClient::Uninitialize] [/Uninitialize]
[32636:1] 2024-05-31 16:58:51.038 [0x402C(183) CxConsoleMonitor::Uninitialize] [/Uninitialize] SUCCESS
[31368:1] 2024-05-31 16:58:51.769 [0x3F98(126) CxConsoleMonitor::Uninitialize] [Uninitialize]
[31368:1] 2024-05-31 16:58:51.769 [0x3F98(183) CxSensorPipeClient::Uninitialize] [Uninitialize]
[31368:1] 2024-05-31 16:58:51.769 [0x3F98(183) CxSensorPipeClient::Uninitialize] [/Uninitialize]
[31368:1] 2024-05-31 16:58:51.770 [0x3F98(183) CxConsoleMonitor::Uninitialize] [/Uninitialize] SUCCESS
[15284:1] 2024-05-31 16:58:54.078 [0x6A78(5) InitializeLog] [SET_LOGPATH] %programdata%\Geni\Insights\logs\cmon.cmd.exe.log
[15284:1] 2024-05-31 16:58:54.079 [0x6A78(0) CxCommonApi::LogModuleInfo] [MODULE LOADING] ModuleName cmon64.dll, Version [2.0.0.1], ModulePath C:\Program Files\Geni\Insights\temp\cmon64.dll ModifiedTime 2023-09-15 09:55:46
[15284:1] 2024-05-31 16:58:54.079 [0x6A78(183) CxConsoleMonitor::Initialize] [Initialize]
[15284:1] 2024-05-31 16:58:54.079 [0x6A78(183) CxSensorPipeClient::Initialize] [Initialize]
[15284:1] 2024-05-31 16:58:54.080 [0x6A78(0) CxThreadPool::Initialize] Queue init : OutputQue 0, nThreadPoolSize : 1
[15284:1] 2024-05-31 16:58:54.080 [0x6A78(183) CxThreadPool::CreateThreadPool] Create 1 WorkerThread
[15284:1] 2024-05-31 16:58:54.080 [0x6A78(183) CxConsoleMonitor::InstallHook] [InstallHook]
[15284:1] 2024-05-31 16:58:54.081 [0x6A78(126) CxConsoleMonitor::xGetProcAddress] [GET_PROC_ADDR] ReadConsoleW from kernelbase.dll
[15284:1] 2024-05-31 16:58:54.081 [0x6A78(183) CxConsoleMonitor::InstallHook] [INSTALL_HOOK] ReadConsoleW : cmd.exe:15284
[15284:1] 2024-05-31 16:58:54.082 [0x6A78(183) CxConsoleMonitor::xGetProcAddress] [GET_PROC_ADDR] ReadConsoleInputW from kernelbase.dll
[15284:1] 2024-05-31 16:58:54.082 [0x6A78(183) CxConsoleMonitor::InstallHook] [INSTALL_HOOK] RealReadConsoleInputW : cmd.exe:15284
[15284:1] 2024-05-31 16:58:54.082 [0x6A78(183) CxConsoleMonitor::InstallHook] [SUCCESS]
[15284:1] 2024-05-31 16:58:54.082 [0x6A78(183) CxConsoleMonitor::GetCmonProfileInfo] [REQ_CMON_PROFILE] 
[15284:1] 2024-05-31 16:58:54.082 [0x6A78(0) CxConsoleMonitor::Initialize] [/Initialize] SUCCESS
[15284:1] 2024-05-31 16:58:54.083 [0x713C(0) CxThreadPool::ThreadEntry] Worker Thread begins
[15284:1] 2024-05-31 16:58:54.085 [0x713C(1) CxSensorPipeClient::SendJson] [SEND][ReqType:4] {
   "PID" : 15284,
   "ProcPath" : "C:\\WINDOWS\\system32\\cmd.exe",
   "ReqType" : "xSensorRequestType_GetCmonProfile"
}

[15284:1] 2024-05-31 16:58:54.085 [0x713C(183) CxSensorPipeClient::SendJson] [RECV] {
   "MaxConsoleInputLength" : 1000
}

[15284:1] 2024-05-31 16:58:54.086 [0x713C(183) CxConsoleMonitor::PipeResponseCallback] [RES_CALLBACK]
[15284:1] 2024-05-31 16:58:54.086 [0x713C(183) CxConsoleMonitor::PipeResponseCallback] [CMON_PROFILE] MaxConsoleInputLength : 1000
[30604:1] 2024-05-31 16:58:54.129 [0x6F14(5) InitializeLog] [SET_LOGPATH] %programdata%\Geni\Insights\logs\cmon.cmd.exe.log
[30604:1] 2024-05-31 16:58:54.129 [0x6F14(0) CxCommonApi::LogModuleInfo] [MODULE LOADING] ModuleName cmon64.dll, Version [2.0.0.1], ModulePath C:\Program Files\Geni\Insights\temp\cmon64.dll ModifiedTime 2023-09-15 09:55:46
[30604:1] 2024-05-31 16:58:54.129 [0x6F14(183) CxConsoleMonitor::Initialize] [Initialize]
[30604:1] 2024-05-31 16:58:54.129 [0x6F14(183) CxSensorPipeClient::Initialize] [Initialize]
[30604:1] 2024-05-31 16:58:54.130 [0x6F14(0) CxThreadPool::Initialize] Queue init : OutputQue 0, nThreadPoolSize : 1
[30604:1] 2024-05-31 16:58:54.130 [0x6F14(183) CxThreadPool::CreateThreadPool] Create 1 WorkerThread
[30604:1] 2024-05-31 16:58:54.130 [0x6F14(183) CxConsoleMonitor::InstallHook] [InstallHook]
[30604:1] 2024-05-31 16:58:54.131 [0x6F14(126) CxConsoleMonitor::xGetProcAddress] [GET_PROC_ADDR] ReadConsoleW from kernelbase.dll
[30604:1] 2024-05-31 16:58:54.131 [0x6F14(183) CxConsoleMonitor::InstallHook] [INSTALL_HOOK] ReadConsoleW : cmd.exe:30604
[30604:1] 2024-05-31 16:58:54.132 [0x6F14(183) CxConsoleMonitor::xGetProcAddress] [GET_PROC_ADDR] ReadConsoleInputW from kernelbase.dll
[30604:1] 2024-05-31 16:58:54.132 [0x6F14(183) CxConsoleMonitor::InstallHook] [INSTALL_HOOK] RealReadConsoleInputW : cmd.exe:30604
[30604:1] 2024-05-31 16:58:54.132 [0x6F14(183) CxConsoleMonitor::InstallHook] [SUCCESS]
[30604:1] 2024-05-31 16:58:54.133 [0x6F14(183) CxConsoleMonitor::GetCmonProfileInfo] [REQ_CMON_PROFILE] 
[30604:1] 2024-05-31 16:58:54.133 [0x6F14(0) CxConsoleMonitor::Initialize] [/Initialize] SUCCESS
[30604:1] 2024-05-31 16:58:54.134 [0x4ADC(0) CxThreadPool::ThreadEntry] Worker Thread begins
[30604:1] 2024-05-31 16:58:54.136 [0x4ADC(1) CxSensorPipeClient::SendJson] [SEND][ReqType:4] {
   "PID" : 30604,
   "ProcPath" : "C:\\WINDOWS\\system32\\cmd.exe",
   "ReqType" : "xSensorRequestType_GetCmonProfile"
}

[30604:1] 2024-05-31 16:58:54.136 [0x4ADC(183) CxSensorPipeClient::SendJson] [RECV] {
   "MaxConsoleInputLength" : 1000
}

[30604:1] 2024-05-31 16:58:54.136 [0x4ADC(183) CxConsoleMonitor::PipeResponseCallback] [RES_CALLBACK]
[30604:1] 2024-05-31 16:58:54.137 [0x4ADC(183) CxConsoleMonitor::PipeResponseCallback] [CMON_PROFILE] MaxConsoleInputLength : 1000
[30604:1] 2024-05-31 16:58:54.567 [0x6F14(126) CxConsoleMonitor::Uninitialize] [Uninitialize]
[30604:1] 2024-05-31 16:58:54.568 [0x6F14(183) CxSensorPipeClient::Uninitialize] [Uninitialize]
[30604:1] 2024-05-31 16:58:54.568 [0x6F14(183) CxSensorPipeClient::Uninitialize] [/Uninitialize]
[30604:1] 2024-05-31 16:58:54.568 [0x6F14(183) CxConsoleMonitor::Uninitialize] [/Uninitialize] SUCCESS
[15284:1] 2024-05-31 16:58:55.562 [0x6A78(126) CxConsoleMonitor::Uninitialize] [Uninitialize]
[15284:1] 2024-05-31 16:58:55.563 [0x6A78(183) CxSensorPipeClient::Uninitialize] [Uninitialize]
[15284:1] 2024-05-31 16:58:55.563 [0x6A78(183) CxSensorPipeClient::Uninitialize] [/Uninitialize]
[15284:1] 2024-05-31 16:58:55.564 [0x6A78(183) CxConsoleMonitor::Uninitialize] [/Uninitialize] SUCCESS
[29140:1] 2024-05-31 17:17:26.953 [0x28D0(5) InitializeLog] [SET_LOGPATH] %programdata%\Geni\Insights\logs\cmon.cmd.exe.log
[29140:1] 2024-05-31 17:17:26.954 [0x28D0(0) CxCommonApi::LogModuleInfo] [MODULE LOADING] ModuleName cmon64.dll, Version [2.0.0.1], ModulePath C:\Program Files\Geni\Insights\temp\cmon64.dll ModifiedTime 2023-09-15 09:55:46
[29140:1] 2024-05-31 17:17:26.954 [0x28D0(183) CxConsoleMonitor::Initialize] [Initialize]
[29140:1] 2024-05-31 17:17:26.954 [0x28D0(183) CxSensorPipeClient::Initialize] [Initialize]
[29140:1] 2024-05-31 17:17:26.955 [0x28D0(0) CxThreadPool::Initialize] Queue init : OutputQue 0, nThreadPoolSize : 1
[29140:1] 2024-05-31 17:17:26.955 [0x28D0(183) CxThreadPool::CreateThreadPool] Create 1 WorkerThread
[29140:1] 2024-05-31 17:17:26.955 [0x28D0(183) CxConsoleMonitor::InstallHook] [InstallHook]
[29140:1] 2024-05-31 17:17:26.956 [0x28D0(126) CxConsoleMonitor::xGetProcAddress] [GET_PROC_ADDR] ReadConsoleW from kernelbase.dll
[29140:1] 2024-05-31 17:17:26.956 [0x28D0(183) CxConsoleMonitor::InstallHook] [INSTALL_HOOK] ReadConsoleW : cmd.exe:29140
[29140:1] 2024-05-31 17:17:26.956 [0x28D0(183) CxConsoleMonitor::xGetProcAddress] [GET_PROC_ADDR] ReadConsoleInputW from kernelbase.dll
[29140:1] 2024-05-31 17:17:26.957 [0x28D0(183) CxConsoleMonitor::InstallHook] [INSTALL_HOOK] RealReadConsoleInputW : cmd.exe:29140
[29140:1] 2024-05-31 17:17:26.957 [0x28D0(183) CxConsoleMonitor::InstallHook] [SUCCESS]
[29140:1] 2024-05-31 17:17:26.957 [0x28D0(183) CxConsoleMonitor::GetCmonProfileInfo] [REQ_CMON_PROFILE] 
[29140:1] 2024-05-31 17:17:26.957 [0x28D0(0) CxConsoleMonitor::Initialize] [/Initialize] SUCCESS
[29140:1] 2024-05-31 17:17:26.958 [0x3FE8(0) CxThreadPool::ThreadEntry] Worker Thread begins
[29140:1] 2024-05-31 17:17:26.960 [0x3FE8(1) CxSensorPipeClient::SendJson] [SEND][ReqType:4] {
   "PID" : 29140,
   "ProcPath" : "C:\\WINDOWS\\system32\\cmd.exe",
   "ReqType" : "xSensorRequestType_GetCmonProfile"
}

[29140:1] 2024-05-31 17:17:26.960 [0x3FE8(183) CxSensorPipeClient::SendJson] [RECV] {
   "MaxConsoleInputLength" : 1000
}

[29140:1] 2024-05-31 17:17:26.960 [0x3FE8(183) CxConsoleMonitor::PipeResponseCallback] [RES_CALLBACK]
[29140:1] 2024-05-31 17:17:26.961 [0x3FE8(183) CxConsoleMonitor::PipeResponseCallback] [CMON_PROFILE] MaxConsoleInputLength : 1000
[9120:1] 2024-05-31 17:17:26.991 [0x5460(5) InitializeLog] [SET_LOGPATH] %programdata%\Geni\Insights\logs\cmon.cmd.exe.log
[9120:1] 2024-05-31 17:17:26.992 [0x5460(0) CxCommonApi::LogModuleInfo] [MODULE LOADING] ModuleName cmon64.dll, Version [2.0.0.1], ModulePath C:\Program Files\Geni\Insights\temp\cmon64.dll ModifiedTime 2023-09-15 09:55:46
[9120:1] 2024-05-31 17:17:26.992 [0x5460(183) CxConsoleMonitor::Initialize] [Initialize]
[9120:1] 2024-05-31 17:17:26.992 [0x5460(183) CxSensorPipeClient::Initialize] [Initialize]
[9120:1] 2024-05-31 17:17:26.993 [0x5460(0) CxThreadPool::Initialize] Queue init : OutputQue 0, nThreadPoolSize : 1
[9120:1] 2024-05-31 17:17:26.993 [0x5460(183) CxThreadPool::CreateThreadPool] Create 1 WorkerThread
[9120:1] 2024-05-31 17:17:26.994 [0x5460(183) CxConsoleMonitor::InstallHook] [InstallHook]
[9120:1] 2024-05-31 17:17:26.994 [0x5460(126) CxConsoleMonitor::xGetProcAddress] [GET_PROC_ADDR] ReadConsoleW from kernelbase.dll
[9120:1] 2024-05-31 17:17:26.995 [0x5460(183) CxConsoleMonitor::InstallHook] [INSTALL_HOOK] ReadConsoleW : cmd.exe:9120
[9120:1] 2024-05-31 17:17:26.995 [0x5460(183) CxConsoleMonitor::xGetProcAddress] [GET_PROC_ADDR] ReadConsoleInputW from kernelbase.dll
[9120:1] 2024-05-31 17:17:26.995 [0x5460(183) CxConsoleMonitor::InstallHook] [INSTALL_HOOK] RealReadConsoleInputW : cmd.exe:9120
[9120:1] 2024-05-31 17:17:26.995 [0x5460(183) CxConsoleMonitor::InstallHook] [SUCCESS]
[9120:1] 2024-05-31 17:17:26.996 [0x5460(183) CxConsoleMonitor::GetCmonProfileInfo] [REQ_CMON_PROFILE] 
[9120:1] 2024-05-31 17:17:26.996 [0x5460(0) CxConsoleMonitor::Initialize] [/Initialize] SUCCESS
[9120:1] 2024-05-31 17:17:26.997 [0x3188(0) CxThreadPool::ThreadEntry] Worker Thread begins
[9120:1] 2024-05-31 17:17:26.998 [0x3188(1) CxSensorPipeClient::SendJson] [SEND][ReqType:4] {
   "PID" : 9120,
   "ProcPath" : "C:\\WINDOWS\\system32\\cmd.exe",
   "ReqType" : "xSensorRequestType_GetCmonProfile"
}

[9120:1] 2024-05-31 17:17:26.999 [0x3188(183) CxSensorPipeClient::SendJson] [RECV] {
   "MaxConsoleInputLength" : 1000
}

[9120:1] 2024-05-31 17:17:26.999 [0x3188(183) CxConsoleMonitor::PipeResponseCallback] [RES_CALLBACK]
[9120:1] 2024-05-31 17:17:26.999 [0x3188(183) CxConsoleMonitor::PipeResponseCallback] [CMON_PROFILE] MaxConsoleInputLength : 1000
[9120:1] 2024-05-31 17:17:27.485 [0x5460(126) CxConsoleMonitor::Uninitialize] [Uninitialize]
[9120:1] 2024-05-31 17:17:27.485 [0x5460(183) CxSensorPipeClient::Uninitialize] [Uninitialize]
[9120:1] 2024-05-31 17:17:27.485 [0x5460(183) CxSensorPipeClient::Uninitialize] [/Uninitialize]
[9120:1] 2024-05-31 17:17:27.486 [0x5460(183) CxConsoleMonitor::Uninitialize] [/Uninitialize] SUCCESS
[29140:1] 2024-05-31 17:17:28.271 [0x28D0(126) CxConsoleMonitor::Uninitialize] [Uninitialize]
[29140:1] 2024-05-31 17:17:28.272 [0x28D0(183) CxSensorPipeClient::Uninitialize] [Uninitialize]
[29140:1] 2024-05-31 17:17:28.272 [0x28D0(183) CxSensorPipeClient::Uninitialize] [/Uninitialize]
[29140:1] 2024-05-31 17:17:28.272 [0x28D0(183) CxConsoleMonitor::Uninitialize] [/Uninitialize] SUCCESS
